Log file open, 02/02/26 10:59:04
LogWindows: Enabling Tpause support
LogTrace: Initializing trace...
LogTrace: Finished trace initialization.
LogInit: Session CrashGUID >====================================================
         Session CrashGUID >   UECC-Windows-8576E2AC4AE723F9AC679A9FCDC51214
         Session CrashGUID >====================================================
LogConfig: No local boot hotfix file found at: [D:/LocalWorkDir/2203351/JobalJameJam/DeadFraternity/Saved/PersistentDownloadDir/HotfixForNextBoot.txt]
LogPluginManager: Mounting Engine plugin PlatformCrypto
LogInit: ExecutableName: UnrealPak.exe
LogInit: Build: ++UE5+Release-5.6-CL-44394996
LogInit: Platform=WindowsEditor
LogInit: MachineId=7196e27e44def910aac2edae3cc0a8f9
LogInit: DeviceId=
LogInit: Engine Version: 5.6.1-44394996+++UE5+Release-5.6
LogInit: Compatible Engine Version: 5.6.0-43139311+++UE5+Release-5.6
LogInit: Net CL: 43139311
LogInit: OS: Windows 11 (23H2) [10.0.22631.6491] (), CPU: 13th Gen Intel(R) Core(TM) i7-13700, GPU: NVIDIA GeForce RTX 4070 Ti SUPER
LogInit: Compiled (64-bit): Jul 28 2025 21:09:38
LogInit: Architecture: x64
LogInit: Compiled with Visual C++: 19.38.33130.00
LogInit: Build Configuration: Development
LogInit: Branch Name: ++UE5+Release-5.6
LogInit: Command Line: -CreateGlobalContainer=D:\LocalWorkDir\2203351\JobalJameJam\DeadFraternity\Saved\StagedBuilds\Windows\DeadFraternity\Content\Paks\global.utoc -PackageStoreManifest=D:\LocalWorkDir\2203351\JobalJameJam\DeadFraternity\Saved\Cooked\Windows\DeadFraternity\Metadata\packagestore.manifest -CookedDirectory=D:\LocalWorkDir\2203351\JobalJameJam\DeadFraternity\Saved\Cooked\Windows -Commands="C:\Users\2203351\AppData\Roaming\Unreal Engine\AutomationTool\Logs\C+Program+Files+Epic+Games+UE_5.6\IoStoreCommands.txt" -ScriptObjects=D:\LocalWorkDir\2203351\JobalJameJam\DeadFraternity\Saved\Cooked\Windows\DeadFraternity\Metadata\scriptobjects.bin -patchpaddingalign=2048 -compressionformats=Oodle -compresslevel=4 -compressmethod=Kraken -cryptokeys=D:\LocalWorkDir\2203351\JobalJameJam\DeadFraternity\Saved\Cooked\Windows\DeadFraternity\Metadata\Crypto.json -compressionMinBytesSaved=1024 -compressionMinPercentSaved=5 -WriteBackMetadataToAssetRegistry=Disabled -nopak
LogInit: Base Directory: C:/Program Files/Epic Games/UE_5.6/Engine/Binaries/Win64/
LogInit: Allocator: Mimalloc
LogInit: Installed Engine Build: 1
LogInit: This binary is optimized with LTO: no, PGO: no, instrumented for PGO data collection: no
LogDevObjectVersion: Number of dev versions registered: 35
LogDevObjectVersion:   Dev-Blueprints (B0D832E4-1F89-4F0D-ACCF-7EB736FD4AA2): 10
LogDevObjectVersion:   Dev-Build (E1C64328-A22C-4D53-A36C-8E866417BD8C): 0
LogDevObjectVersion:   Dev-Core (375EC13C-06E4-48FB-B500-84F0262A717E): 4
LogDevObjectVersion:   Dev-Editor (E4B068ED-F494-42E9-A231-DA0B2E46BB41): 40
LogDevObjectVersion:   Dev-Framework (CFFC743F-43B0-4480-9391-14DF171D2073): 37
LogDevObjectVersion:   Dev-Mobile (B02B49B5-BB20-44E9-A304-32B752E40360): 3
LogDevObjectVersion:   Dev-Networking (A4E4105C-59A1-49B5-A7C5-40C4547EDFEE): 0
LogDevObjectVersion:   Dev-Online (39C831C9-5AE6-47DC-9A44-9C173E1C8E7C): 0
LogDevObjectVersion:   Dev-Physics (78F01B33-EBEA-4F98-B9B4-84EACCB95AA2): 20
LogDevObjectVersion:   Dev-Platform (6631380F-2D4D-43E0-8009-CF276956A95A): 0
LogDevObjectVersion:   Dev-Rendering (12F88B9F-8875-4AFC-A67C-D90C383ABD29): 49
LogDevObjectVersion:   Dev-Sequencer (7B5AE74C-D270-4C10-A958-57980B212A5A): 13
LogDevObjectVersion:   Dev-VR (D7296918-1DD6-4BDD-9DE2-64A83CC13884): 3
LogDevObjectVersion:   Dev-LoadTimes (C2A15278-BFE7-4AFE-6C17-90FF531DF755): 1
LogDevObjectVersion:   Private-Geometry (6EACA3D4-40EC-4CC1-B786-8BED09428FC5): 3
LogDevObjectVersion:   Dev-AnimPhys (29E575DD-E0A3-4627-9D10-D276232CDCEA): 17
LogDevObjectVersion:   Dev-Anim (AF43A65D-7FD3-4947-9873-3E8ED9C1BB05): 15
LogDevObjectVersion:   Dev-ReflectionCapture (6B266CEC-1EC7-4B8F-A30B-E4D90942FC07): 1
LogDevObjectVersion:   Dev-Automation (0DF73D61-A23F-47EA-B727-89E90C41499A): 1
LogDevObjectVersion:   FortniteMain (601D1886-AC64-4F84-AA16-D3DE0DEAC7D6): 207
LogDevObjectVersion:   FortniteValkyrie (8DBC2C5B-54A7-43E0-A768-FCBB7DA29060): 8
LogDevObjectVersion:   FortniteSeason (5B4C06B7-2463-4AF8-805B-BF70CDF5D0DD): 13
LogDevObjectVersion:   FortniteRelease (E7086368-6B23-4C58-8439-1B7016265E91): 17
LogDevObjectVersion:   Dev-Enterprise (9DFFBCD6-494F-0158-E221-12823C92A888): 11
LogDevObjectVersion:   Dev-Niagara (F2AED0AC-9AFE-416F-8664-AA7FFA26D6FC): 1
LogDevObjectVersion:   Dev-Destruction (174F1F0B-B4C6-45A5-B13F-2EE8D0FB917D): 10
LogDevObjectVersion:   Dev-Physics-Ext (35F94A83-E258-406C-A318-09F59610247C): 41
LogDevObjectVersion:   Dev-PhysicsMaterial-Chaos (B68FC16E-8B1B-42E2-B453-215C058844FE): 1
LogDevObjectVersion:   Dev-CineCamera (B2E18506-4273-CFC2-A54E-F4BB758BBA07): 1
LogDevObjectVersion:   Dev-VirtualProduction (64F58936-FD1B-42BA-BA96-7289D5D0FA4E): 1
LogDevObjectVersion:   UE5-Main (697DD581-E64F-41AB-AA4A-51ECBEB7B628): 121
LogDevObjectVersion:   UE5-Release (D89B5E42-24BD-4D46-8412-ACA8DF641779): 56
LogDevObjectVersion:   UE5-SpecialProject (59DA5D52-1232-4948-B878-597870B8E98B): 9
LogDevObjectVersion:   Dev-MediaFramework (6F0ED827-A609-4895-9C91-998D90180EA4): 2
LogDevObjectVersion:   Dev-NaniteResearch (30D58BE3-95EA-4282-A6E3-B159D8EBB06A): 1
LogInit: Presizing for max 100000 objects, including 0 objects not considered by GC.
LogInit: Object subsystem initialized
LogConfig: Applying CVar settings from Section [Startup] File [../../../Engine/Config/ConsoleVariables.ini]
LogConfig: CVar [[r.DumpShaderDebugInfo:2]] deferred - dummy variable created
LogConfig: CVar [[p.chaos.AllowCreatePhysxBodies:1]] deferred - dummy variable created
LogConfig: CVar [[fx.SkipVectorVMBackendOptimizations:1]] deferred - dummy variable created
[2026.02.02-10.59.04:128][  0]LogConfig: CVar [[ds.CADTranslator.Meshing.ActivateThinZoneMeshing:0]] deferred - dummy variable created
[2026.02.02-10.59.04:128][  0]LogConfig: CVar [[ds.CADTranslator.Stitching.RemoveThinFaces:0]] deferred - dummy variable created
[2026.02.02-10.59.04:128][  0]LogConfig: Applying CVar settings from Section [Startup_Windows] File [../../../Engine/Config/ConsoleVariables.ini]
[2026.02.02-10.59.04:128][  0]LogConfig: Applying CVar settings from Section [ConsoleVariables] File [Engine]
[2026.02.02-10.59.04:128][  0]LogInit: Computer: MC13457
[2026.02.02-10.59.04:128][  0]LogInit: User: 2203351
[2026.02.02-10.59.04:128][  0]LogInit: CPU Page size=4096, Cores=16
[2026.02.02-10.59.04:128][  0]LogInit: High frequency timer resolution =10.000000 MHz
[2026.02.02-10.59.04:128][  0]LogMemory: Process is running as part of a Windows Job with separate resource limits
[2026.02.02-10.59.04:128][  0]LogMemory: Memory total: Physical=31.7GB (32GB approx) Virtual=38.3GB
[2026.02.02-10.59.04:128][  0]LogMemory: Platform Memory Stats for WindowsEditor
[2026.02.02-10.59.04:128][  0]LogMemory: Process Physical Memory: 75.50 MB used, 75.50 MB peak
[2026.02.02-10.59.04:128][  0]LogMemory: Process Virtual Memory: 162.95 MB used, 162.95 MB peak
[2026.02.02-10.59.04:128][  0]LogMemory: Physical Memory: 20747.74 MB used,  11725.67 MB free, 32473.41 MB total
[2026.02.02-10.59.04:128][  0]LogMemory: Virtual Memory: 31738.07 MB used,  7484.87 MB free, 39222.94 MB total
[2026.02.02-10.59.04:132][  0]LogAssetRegistry: FAssetRegistry took 0.0001 seconds to start up
[2026.02.02-10.59.04:132][  0]LogUObjectArray: 462 objects as part of root set at end of initial load.
[2026.02.02-10.59.04:132][  0]LogUObjectArray: CloseDisregardForGC: 0/0 objects in disregard for GC pool
[2026.02.02-10.59.04:132][  0]LogInit: Using OS detected language ().
[2026.02.02-10.59.04:133][  0]LogInit: Using OS detected locale ().
[2026.02.02-10.59.04:133][  0]LogTextLocalizationManager: No localization for '' exists, so 'en' will be used for the language.
[2026.02.02-10.59.04:133][  0]LogTextLocalizationManager: No localization for '' exists, so 'en' will be used for the locale.
[2026.02.02-10.59.04:133][  0]LogInit: Using OS detected language ().
[2026.02.02-10.59.04:133][  0]LogInit: Using OS detected locale ().
[2026.02.02-10.59.04:134][  0]LogTextLocalizationManager: No localization for '' exists, so 'en' will be used for the language.
[2026.02.02-10.59.04:134][  0]LogTextLocalizationManager: No localization for '' exists, so 'en' will be used for the locale.
[2026.02.02-10.59.04:134][  0]LogPakFile: Display: ProjectDir: D:/LocalWorkDir/2203351/JobalJameJam/DeadFraternity/
[2026.02.02-10.59.04:134][  0]LogIoStore: Display: ==================== IoStore Utils ====================
[2026.02.02-10.59.04:134][  0]LogIoStore: Display: Parsing crypto keys from a crypto key cache file 'D:\LocalWorkDir\2203351\JobalJameJam\DeadFraternity\Saved\Cooked\Windows\DeadFraternity\Metadata\Crypto.json'
[2026.02.02-10.59.04:135][  0]LogIoStore: Display: Container signing - DISABLED
[2026.02.02-10.59.04:135][  0]LogIoStore: Display: Directory index - ENABLED
[2026.02.02-10.59.04:135][  0]LogIoStore: Display: Using compression format 'Oodle'
[2026.02.02-10.59.04:135][  0]LogIoStore: Display: Using memory mapping alignment '16384'
[2026.02.02-10.59.04:135][  0]LogIoStore: Display: Using compression block size '65536'
[2026.02.02-10.59.04:135][  0]LogIoStore: Display: Using compression block alignment '2048'
[2026.02.02-10.59.04:135][  0]LogIoStore: Display: Using compression min bytes saved '1024'
[2026.02.02-10.59.04:135][  0]LogIoStore: Display: Using compression min percent saved '5'
[2026.02.02-10.59.04:135][  0]LogIoStore: Display: Using max partition size '0'
[2026.02.02-10.59.04:135][  0]LogIoStore: Display: Not using DDC for compression
[2026.02.02-10.59.04:135][  0]LogIoStore: Display: Using command list file: 'C:\Users\2203351\AppData\Roaming\Unreal Engine\AutomationTool\Logs\C+Program+Files+Epic+Games+UE_5.6\IoStoreCommands.txt'
[2026.02.02-10.59.04:139][  0]LogIoStore: Display: Selected Oodle level 4 (Normal) from command line for shaders
[2026.02.02-10.59.04:141][  0]LogIoStore: Display: Fetched 676 oplog items from Manifest in 0.00 seconds
[2026.02.02-10.59.04:142][  0]LogIoStore: Display: Parsed 676 oplog items 0.00 seconds, 888 chunks
[2026.02.02-10.59.04:152][  0]LogIoStore: Display: Using input asset registry: D:/LocalWorkDir/2203351/JobalJameJam/DeadFraternity/Saved/Cooked/Windows/DeadFraternity/Metadata/DevelopmentAssetRegistry.bin
[2026.02.02-10.59.04:157][  0]LogIoStore: Display: Loaded 219 chunk hashes from AssetRegistry in 0.02 seconds, 219 hashes updated in 0.00 seconds
[2026.02.02-10.59.04:159][  0]LogIoStore: Display: Searching for cooked assets in folder 'D:\LocalWorkDir\2203351\JobalJameJam\DeadFraternity\Saved\Cooked\Windows'
[2026.02.02-10.59.04:188][  0]LogIoStore: Display: Found '1565' files
[2026.02.02-10.59.04:195][  0]LogIoStore: Display: Creating container targets...
[2026.02.02-10.59.04:197][  0]OodleDataCompression: Display: Oodle v2.9.13 format for pak/iostore with method=Kraken, level=4=Normal
[2026.02.02-10.59.04:241][  0]LogIoStore: Display: Parsing packages...
[2026.02.02-10.59.04:241][  0]LogIoStore: Display: Reading package assets...
[2026.02.02-10.59.04:608][  0]LogIoStore: Display: Packages read 669 files in 0.37 seconds, 1,211,065 total bytes, 3,303,019 bytes per second
[2026.02.02-10.59.04:611][  0]LogIoStore: Display: Processing shader libraries, compressing with Oodle Mermaid, level 4 (Normal)
[2026.02.02-10.59.04:618][  0]LogShaderLibrary: Display: Created IoStoreShaderArchive header: shaders grouped in 179 groups (75 of them didn't need new indices), average uncompressed size 53227 bytes, min 490 bytes, max 959657 bytes (r.ShaderCodeLibrary.MaxShaderGroupSize=1048576)
[2026.02.02-10.59.04:630][  0]LogIoStore: Display: DeadFraternity-PCD3D_SM5(PCD3D_SM5): Recompressed 1151 shaders as 179 groups. Library size changed from 2770 KB (3.36 : 1 ratio) to 1137 KB (8.18 : 1 ratio), 41.07% of previous.
[2026.02.02-10.59.04:639][  0]LogShaderLibrary: Display: Created IoStoreShaderArchive header: shaders grouped in 204 groups (58 of them didn't need new indices), average uncompressed size 104937 bytes, min 2342 bytes, max 1029008 bytes (r.ShaderCodeLibrary.MaxShaderGroupSize=1048576)
[2026.02.02-10.59.04:673][  0]LogIoStore: Display: DeadFraternity-PCD3D_SM6(PCD3D_SM6): Recompressed 1981 shaders as 204 groups. Library size changed from 15981 KB (1.31 : 1 ratio) to 9709 KB (2.15 : 1 ratio), 60.75% of previous.
[2026.02.02-10.59.04:684][  0]LogShaderLibrary: Display: Created IoStoreShaderArchive header: shaders grouped in 379 groups (139 of them didn't need new indices), average uncompressed size 150965 bytes, min 249 bytes, max 1048075 bytes (r.ShaderCodeLibrary.MaxShaderGroupSize=1048576)
[2026.02.02-10.59.04:720][  0]LogIoStore: Display: Global-PCD3D_SM5(PCD3D_SM5): Recompressed 4106 shaders as 379 groups. Library size changed from 12766 KB (4.38 : 1 ratio) to 5612 KB (9.96 : 1 ratio), 43.96% of previous.
[2026.02.02-10.59.04:758][  0]LogShaderLibrary: Display: Created IoStoreShaderArchive header: shaders grouped in 523 groups (159 of them didn't need new indices), average uncompressed size 242926 bytes, min 1249 bytes, max 1045520 bytes (r.ShaderCodeLibrary.MaxShaderGroupSize=1048576)
[2026.02.02-10.59.05:034][  0]LogIoStore: Display: Global-PCD3D_SM6(PCD3D_SM6): Recompressed 8022 shaders as 523 groups. Library size changed from 94367 KB (1.31 : 1 ratio) to 53898 KB (2.30 : 1 ratio), 57.12% of previous.
[2026.02.02-10.59.05:038][  0]LogIoStore: Display: Shaders processed in 0.43 seconds
[2026.02.02-10.59.05:039][  0]LogIoStore: Display: Initialized WriteRequestManager with MaxConcurrentSourceReads=12 (24 cores), MaxSourceBufferMemory=3072MiB
[2026.02.02-10.59.05:041][  0]LogIoStore: Display: Processing redirects...
[2026.02.02-10.59.05:041][  0]LogIoStore: Display: Creating disk layout...
[2026.02.02-10.59.05:041][  0]LogIoStore: Display: Ordered 669 packages using fallback bundle order
[2026.02.02-10.59.05:048][  0]LogIoStore: Display: Serializing container(s)...
[2026.02.02-10.59.05:986][  0]LogIoStore: Display: Writing and compressing took 0.51 seconds, writes to disk took 0.11 seconds for 229,091,840 bytes @ 2,147,642,711 bytes per second.
[2026.02.02-10.59.05:986][  0]LogIoStore: Display: global: Found perfect hashmap for 1 items.
[2026.02.02-10.59.05:986][  0]LogIoStore: Display: DeadFraternity-Windows: Found perfect hashmap for 2177 items.
[2026.02.02-10.59.05:995][  0]LogIoStore: Display: Finalize took 0.0 seconds for 2 writers to write 326,812 bytes, 38,306,062 bytes per second
[2026.02.02-10.59.05:995][  0]LogIoStore: Display: Writing tocs... [Physical: 719 MiB, Virtual: 3573 MiB]
[2026.02.02-10.59.05:995][  0]LogIoStore: Display: 219 / 2,178 hashes were loaded from the hash database, by type:
[2026.02.02-10.59.05:995][  0]LogIoStore: Display:     BulkData                   219
[2026.02.02-10.59.05:995][  0]LogIoStore: Display: 888 / 2,178 chunks attempted to compress, by type:
[2026.02.02-10.59.05:995][  0]LogIoStore: Display:     ExportBundleData           669 / 669
[2026.02.02-10.59.05:995][  0]LogIoStore: Display:     BulkData                   219 / 219
[2026.02.02-10.59.05:995][  0]LogIoStore: Display:     ScriptObjects              0 / 1
[2026.02.02-10.59.05:995][  0]LogIoStore: Display:     ContainerHeader            0 / 1
[2026.02.02-10.59.05:995][  0]LogIoStore: Display:     ShaderCodeLibrary          0 / 4
[2026.02.02-10.59.05:995][  0]LogIoStore: Display:     ShaderCode                 0 / 1,284
[2026.02.02-10.59.05:995][  0]LogIoStore: Display: Source bytes read:
[2026.02.02-10.59.05:995][  0]LogIoStore: Display:     Zen:                                  0
[2026.02.02-10.59.05:995][  0]LogIoStore: Display:     Loose File:               1,475,858,166
[2026.02.02-10.59.05:995][  0]LogIoStore: Display:         ExportBundleData       1,347,729,354 bytes over 1,338 reads
[2026.02.02-10.59.05:995][  0]LogIoStore: Display:         BulkData                128,128,812 bytes over 219 reads
[2026.02.02-10.59.05:995][  0]LogIoStore: Display:     Memory:                     145,327,838
[2026.02.02-10.59.05:995][  0]LogIoStore: Display:         ShaderCodeLibrary         1,234,416 bytes over 8 reads
[2026.02.02-10.59.05:995][  0]LogIoStore: Display:         ShaderCode              144,093,422 bytes over 2,568 reads
[2026.02.02-10.59.05:995][  0]LogIoStore: Display: Calculating stats...
[2026.02.02-10.59.05:995][  0]LogIoStore: Display: 
[2026.02.02-10.59.05:995][  0]LogIoStore: Display: Container Summary
[2026.02.02-10.59.05:995][  0]LogIoStore: Display: ==================
[2026.02.02-10.59.05:995][  0]LogIoStore: Display: 
[2026.02.02-10.59.05:995][  0]LogIoStore: Display: Container                                               Flags      Chunk(s) #       TOC (KiB)       Raw Size (MiB)           Size (MiB)
[2026.02.02-10.59.05:995][  0]LogIoStore: Display: ----------------------------------------------------------------------------------------------------------------------------------------------
[2026.02.02-10.59.05:995][  0]LogIoStore: Display: global                                              -/-/-/-/-               1            0.65                 2.43                 2.43 -
[2026.02.02-10.59.05:995][  0]LogIoStore: Display: DeadFraternity-Windows                              C/-/-/I/-            2177          318.51               836.53               216.05 (74.17% Oodle)
[2026.02.02-10.59.05:995][  0]LogIoStore: Display: ----------------------------------------------------------------------------------------------------------------------------------------------
[2026.02.02-10.59.05:995][  0]LogIoStore: Display: Total                                                                    2178          319.15               838.96               218.48
[2026.02.02-10.59.05:995][  0]LogIoStore: Display: 
[2026.02.02-10.59.05:995][  0]LogIoStore: Display: ** Flags: (C)ompressed / (E)ncrypted / (S)igned) / (I)ndexed) / (O)nDemand **
[2026.02.02-10.59.05:995][  0]LogIoStore: Display: 
[2026.02.02-10.59.05:995][  0]LogIoStore: Display: Compression block padding:     1.62 MiB
[2026.02.02-10.59.05:995][  0]LogIoStore: Display: 
[2026.02.02-10.59.05:995][  0]LogIoStore: Display: Container Directory Index
[2026.02.02-10.59.05:995][  0]LogIoStore: Display: ==========================
[2026.02.02-10.59.05:995][  0]LogIoStore: Display: 
[2026.02.02-10.59.05:995][  0]LogIoStore: Display: Container                                          Size (KiB)
[2026.02.02-10.59.05:995][  0]LogIoStore: Display: ----------------------------------------------------------------------------------------------------------------------------------------------
[2026.02.02-10.59.05:995][  0]LogIoStore: Display: global                                                   0.00
[2026.02.02-10.59.05:995][  0]LogIoStore: Display: DeadFraternity-Windows                                  39.82
[2026.02.02-10.59.05:995][  0]LogIoStore: Display: 
[2026.02.02-10.59.05:995][  0]LogIoStore: Display: Container Patch Report
[2026.02.02-10.59.05:995][  0]LogIoStore: Display: ========================
[2026.02.02-10.59.05:995][  0]LogIoStore: Display: 
[2026.02.02-10.59.05:995][  0]LogIoStore: Display: Container                                             Total #       Modified #          Added #   Modified (MiB)      Added (MiB)
[2026.02.02-10.59.05:995][  0]LogIoStore: Display: ----------------------------------------------------------------------------------------------------------------------------------------------
[2026.02.02-10.59.05:995][  0]LogIoStore: Display: global                                                      1                0                0             0.00             0.00
[2026.02.02-10.59.05:995][  0]LogIoStore: Display: DeadFraternity-Windows                                   2177                0             2177             0.00           214.43
[2026.02.02-10.59.05:995][  0]LogIoStore: Display: 
[2026.02.02-10.59.05:995][  0]LogIoStore: Display: PackageStore
[2026.02.02-10.59.05:995][  0]LogIoStore: Display: =============
[2026.02.02-10.59.05:995][  0]LogIoStore: Display: 
[2026.02.02-10.59.05:995][  0]LogIoStore: Display: Container                                          Size (KiB)      Packages #     Localized #
[2026.02.02-10.59.05:995][  0]LogIoStore: Display: ----------------------------------------------------------------------------------------------------------------------------------------------
[2026.02.02-10.59.05:995][  0]LogIoStore: Display: DeadFraternity-Windows                                     22             669               0
[2026.02.02-10.59.05:995][  0]LogIoStore: Display: ----------------------------------------------------------------------------------------------------------------------------------------------
[2026.02.02-10.59.05:995][  0]LogIoStore: Display: Total                                                      22             669               0
[2026.02.02-10.59.05:995][  0]LogIoStore: Display: 
[2026.02.02-10.59.05:995][  0]LogIoStore: Display: 
[2026.02.02-10.59.05:995][  0]LogIoStore: Display: Input:       669 Packages
[2026.02.02-10.59.05:995][  0]LogIoStore: Display: Input:      0.63 GB UExp
[2026.02.02-10.59.05:995][  0]LogIoStore: Display: Input:      0.00 GB UAsset
[2026.02.02-10.59.05:995][  0]LogIoStore: Display: Input:      0.12 GB UBulk
[2026.02.02-10.59.05:995][  0]LogIoStore: Display: Input:     58.12 MB for 902 Global shaders
[2026.02.02-10.59.05:995][  0]LogIoStore: Display: Input:      1.63 MB for 172 Shared shaders
[2026.02.02-10.59.05:995][  0]LogIoStore: Display: Input:      0.00 MB for 0 Unique shaders
[2026.02.02-10.59.05:995][  0]LogIoStore: Display: Input:      8.96 MB for 210 Inline shaders
[2026.02.02-10.59.05:995][  0]LogIoStore: Display: 
[2026.02.02-10.59.05:995][  0]LogIoStore: Display: Output:     7856 Name map entries
[2026.02.02-10.59.05:996][  0]LogIoStore: Display: Output:      803 Imported package entries
[2026.02.02-10.59.05:996][  0]LogIoStore: Display: Output:      343 Packages without imports
[2026.02.02-10.59.05:996][  0]LogIoStore: Display: Output:        0 Public runtime script objects
[2026.02.02-10.59.05:996][  0]LogIoStore: Display: Output:     0.00 GB HeaderData
[2026.02.02-10.59.05:996][  0]LogIoStore: Display: Output:     2.43 MB InitialLoadData
[2026.02.02-10.59.05:996][  0]LogIoStore: Display: 
[2026.02.02-10.59.05:998][  0]LogPakFile: Display: UnrealPak executed in 1.864345 seconds
[2026.02.02-10.59.06:003][  0]LogCore: Engine exit requested (reason: UnrealPak Exiting)
[2026.02.02-10.59.06:003][  0]LogExit: Preparing to exit.
[2026.02.02-10.59.06:003][  0]LogExit: Object subsystem successfully closed.
[2026.02.02-10.59.06:003][  0]LogPakFile: Destroying PakPlatformFile
[2026.02.02-10.59.06:004][  0]LogExit: Exiting.
[2026.02.02-10.59.06:015][  0]Log file closed, 02/02/26 10:59:06
